<?xml version="1.0" encoding="UTF-8"?>
<testng-results ignored="24" total="25" passed="1" failed="0" skipped="0">
  <reporter-output>
  </reporter-output>
  <suite started-at="2023-02-05T20:16:29 CET" name="Default suite" finished-at="2023-02-05T20:16:44 CET" duration-ms="14909">
    <groups>
    </groups>
    <test started-at="2023-02-05T20:16:29 CET" name="Default test" finished-at="2023-02-05T20:16:44 CET" duration-ms="14909">
      <class name="com.hopin.HopIn.repositories.RideRepositoryTest">
        <test-method is-config="true" signature="springTestContextBeforeTestClass()[pri:0, instance:com.hopin.HopIn.repositories.RideRepositoryTest@2b43529a]" started-at="2023-02-05T20:16:29 CET" name="springTestContextBeforeTestClass" finished-at="2023-02-05T20:16:29 CET" duration-ms="30" status="PASS">
          <reporter-output>
          </reporter-output>
        </test-method> <!-- springTestContextBeforeTestClass -->
        <test-method is-config="true" signature="springTestContextPrepareTestInstance()[pri:0, instance:com.hopin.HopIn.repositories.RideRepositoryTest@2b43529a]" started-at="2023-02-05T20:16:29 CET" name="springTestContextPrepareTestInstance" finished-at="2023-02-05T20:16:42 CET" depends-on-methods="org.springframework.test.context.testng.AbstractTestNGSpringContextTests.springTestContextBeforeTestClass" duration-ms="13645" status="PASS">
          <reporter-output>
          </reporter-output>
        </test-method> <!-- springTestContextPrepareTestInstance -->
        <test-method is-config="true" signature="springTestContextBeforeTestMethod(java.lang.reflect.Method)[pri:0, instance:com.hopin.HopIn.repositories.RideRepositoryTest@2b43529a]" started-at="2023-02-05T20:16:42 CET" name="springTestContextBeforeTestMethod" finished-at="2023-02-05T20:16:43 CET" duration-ms="620" status="PASS">
          <params>
            <param index="0">
              <value>
                <![CDATA[public void com.hopin.HopIn.repositories.RideRepositoryTest.shouldGetFirstUpcomingRideForDriver()]]>
              </value>
            </param>
          </params>
          <reporter-output>
          </reporter-output>
        </test-method> <!-- springTestContextBeforeTestMethod -->
        <test-method signature="shouldGetFirstUpcomingRideForDriver()[pri:0, instance:com.hopin.HopIn.repositories.RideRepositoryTest@2b43529a]" started-at="2023-02-05T20:16:43 CET" name="shouldGetFirstUpcomingRideForDriver" finished-at="2023-02-05T20:16:43 CET" duration-ms="455" status="PASS">
          <reporter-output>
          </reporter-output>
        </test-method> <!-- shouldGetFirstUpcomingRideForDriver -->
        <test-method is-config="true" signature="springTestContextAfterTestMethod(java.lang.reflect.Method)[pri:0, instance:com.hopin.HopIn.repositories.RideRepositoryTest@2b43529a]" started-at="2023-02-05T20:16:43 CET" name="springTestContextAfterTestMethod" finished-at="2023-02-05T20:16:44 CET" duration-ms="33" status="PASS">
          <params>
            <param index="0">
              <value>
                <![CDATA[public void com.hopin.HopIn.repositories.RideRepositoryTest.shouldGetFirstUpcomingRideForDriver()]]>
              </value>
            </param>
          </params>
          <reporter-output>
          </reporter-output>
        </test-method> <!-- springTestContextAfterTestMethod -->
        <test-method is-config="true" signature="springTestContextAfterTestClass()[pri:0, instance:com.hopin.HopIn.repositories.RideRepositoryTest@2b43529a]" started-at="2023-02-05T20:16:44 CET" name="springTestContextAfterTestClass" finished-at="2023-02-05T20:16:44 CET" duration-ms="4" status="PASS">
          <reporter-output>
          </reporter-output>
        </test-method> <!-- springTestContextAfterTestClass -->
      </class> <!-- com.hopin.HopIn.repositories.RideRepositoryTest -->
    </test> <!-- Default test -->
  </suite> <!-- Default suite -->
</testng-results>
