<?xml version="1.0" encoding="UTF-8"?>
<!-- Generated by org.testng.reporters.JUnitXMLReporter -->
<testsuite ignored="17" hostname="DESKTOP-3VU7I3V" failures="0" tests="1" name="Default test" time="14.658" errors="0" timestamp="2023-02-05T19:49:33 CET">
  <testcase classname="com.hopin.HopIn.repositories.RideRepositoryTest" name="shouldReturnNullForPassengerThatHaNosActiveRidesInDb" time="0.348"/>
  <testcase classname="com.hopin.HopIn.repositories.RideRepositoryTest" name="shouldReturnAllAcceptedRides" time="0.0">
    <ignored/>
  </testcase> <!-- shouldReturnAllAcceptedRides -->
  <testcase classname="com.hopin.HopIn.repositories.RideRepositoryTest" name="shouldGetAllPassenegerRidesBetweenDates" time="0.0">
    <ignored/>
  </testcase> <!-- shouldGetAllPassenegerRidesBetweenDates -->
  <testcase classname="com.hopin.HopIn.repositories.RideRepositoryTest" name="shouldGetAllPassengerRidesPaginated" time="0.0">
    <ignored/>
  </testcase> <!-- shouldGetAllPassengerRidesPaginated -->
  <testcase classname="com.hopin.HopIn.repositories.RideRepositoryTest" name="shouldGetActiveRideForPassengerThatHasActiveRideInDb" time="0.0">
    <ignored/>
  </testcase> <!-- shouldGetActiveRideForPassengerThatHasActiveRideInDb -->
  <testcase classname="com.hopin.HopIn.repositories.RideRepositoryTest" name="shouldGetAllScheduledRidesForTodayForPassenger" time="0.0">
    <ignored/>
  </testcase> <!-- shouldGetAllScheduledRidesForTodayForPassenger -->
  <testcase classname="com.hopin.HopIn.repositories.RideRepositoryTest" name="shouldReturnNullForDriverThatHaNosActiveRideSInDb" time="0.0">
    <ignored/>
  </testcase> <!-- shouldReturnNullForDriverThatHaNosActiveRideSInDb -->
  <testcase classname="com.hopin.HopIn.repositories.RideRepositoryTest" name="shouldGetActiveRideForDriverThatHasActiveRideInDb" time="0.0">
    <ignored/>
  </testcase> <!-- shouldGetActiveRideForDriverThatHasActiveRideInDb -->
  <testcase classname="com.hopin.HopIn.repositories.RideRepositoryTest" name="shouldReturnEmptyListForPassengerThatHasNoScheduledRides" time="0.0">
    <ignored/>
  </testcase> <!-- shouldReturnEmptyListForPassengerThatHasNoScheduledRides -->
  <testcase classname="com.hopin.HopIn.repositories.RideRepositoryTest" name="shouldReturnEmptyListForDriverThatHasNoScheduledRides" time="0.0">
    <ignored/>
  </testcase> <!-- shouldReturnEmptyListForDriverThatHasNoScheduledRides -->
  <testcase classname="com.hopin.HopIn.repositories.RideRepositoryTest" name="shouldGetScheduledRidesForDriverThatHasRideWithStatus1AndScheduledTimeInDb" time="0.0">
    <ignored/>
  </testcase> <!-- shouldGetScheduledRidesForDriverThatHasRideWithStatus1AndScheduledTimeInDb -->
  <testcase classname="com.hopin.HopIn.repositories.RideRepositoryTest" name="shouldGetAllRidesBetweenDates" time="0.0">
    <ignored/>
  </testcase> <!-- shouldGetAllRidesBetweenDates -->
  <testcase classname="com.hopin.HopIn.repositories.RideRepositoryTest" name="shouldGetAllUserRidesPaginates" time="0.0">
    <ignored/>
  </testcase> <!-- shouldGetAllUserRidesPaginates -->
  <testcase classname="com.hopin.HopIn.repositories.RideRepositoryTest" name="shouldGetAllPassengerRides" time="0.0">
    <ignored/>
  </testcase> <!-- shouldGetAllPassengerRides -->
  <testcase classname="com.hopin.HopIn.repositories.RideRepositoryTest" name="shouldGetAllDriverRidesBetweenDates" time="0.0">
    <ignored/>
  </testcase> <!-- shouldGetAllDriverRidesBetweenDates -->
  <testcase classname="com.hopin.HopIn.repositories.RideRepositoryTest" name="shouldReturnNullForDriverWithNoPendingRides" time="0.0">
    <ignored/>
  </testcase> <!-- shouldReturnNullForDriverWithNoPendingRides -->
  <testcase classname="com.hopin.HopIn.repositories.RideRepositoryTest" name="shouldGetPendingRideForDriver" time="0.0">
    <ignored/>
  </testcase> <!-- shouldGetPendingRideForDriver -->
  <testcase classname="com.hopin.HopIn.repositories.RideRepositoryTest" name="shouldGetScheduledRidesForPassengerThatHasRideWithStatus1AndScheduledTimeInDb" time="0.0">
    <ignored/>
  </testcase> <!-- shouldGetScheduledRidesForPassengerThatHasRideWithStatus1AndScheduledTimeInDb -->
</testsuite> <!-- Default test -->
