<?xml version="1.0" encoding="UTF-8"?>
<!-- Generated by org.testng.reporters.JUnitXMLReporter -->
<testsuite ignored="0" hostname="DESKTOP-3VU7I3V" failures="0" tests="28" name="Default test" time="16.512" errors="0" timestamp="2023-02-05T20:23:28 CET">
  <testcase classname="com.hopin.HopIn.repositories.RideRepositoryTest" name="shouldGetActiveRideForDriverThatHasActiveRideInDb" time="0.426"/>
  <testcase classname="com.hopin.HopIn.repositories.RideRepositoryTest" name="shouldGetActiveRideForPassengerThatHasActiveRideInDb" time="0.021"/>
  <testcase classname="com.hopin.HopIn.repositories.RideRepositoryTest" name="shouldGetAllDriverRidesBetweenDates" time="0.022"/>
  <testcase classname="com.hopin.HopIn.repositories.RideRepositoryTest" name="shouldGetAllPassenegerRidesBetweenDates" time="0.063"/>
  <testcase classname="com.hopin.HopIn.repositories.RideRepositoryTest" name="shouldGetAllPassengerRides" time="0.032"/>
  <testcase classname="com.hopin.HopIn.repositories.RideRepositoryTest" name="shouldGetAllPassengerRidesPaginated" time="0.035"/>
  <testcase classname="com.hopin.HopIn.repositories.RideRepositoryTest" name="shouldGetAllRidesBetweenDates" time="0.015"/>
  <testcase classname="com.hopin.HopIn.repositories.RideRepositoryTest" name="shouldGetAllScheduledRidesForTodayForDriver" time="0.018"/>
  <testcase classname="com.hopin.HopIn.repositories.RideRepositoryTest" name="shouldGetAllScheduledRidesForTodayForPassenger" time="0.018"/>
  <testcase classname="com.hopin.HopIn.repositories.RideRepositoryTest" name="shouldGetAllUserRidesPaginatedForDriverId" time="0.018"/>
  <testcase classname="com.hopin.HopIn.repositories.RideRepositoryTest" name="shouldGetAllUserRidesPaginatedForPassengerId" time="0.032"/>
  <testcase classname="com.hopin.HopIn.repositories.RideRepositoryTest" name="shouldGetFirstUpcomingRideForDriver" time="0.019"/>
  <testcase classname="com.hopin.HopIn.repositories.RideRepositoryTest" name="shouldGetNullPassengerPandingRides" time="0.211"/>
  <testcase classname="com.hopin.HopIn.repositories.RideRepositoryTest" name="shouldGetPendingRideForDriver" time="0.018"/>
  <testcase classname="com.hopin.HopIn.repositories.RideRepositoryTest" name="shouldGetPendingRideForPassenger" time="0.066"/>
  <testcase classname="com.hopin.HopIn.repositories.RideRepositoryTest" name="shouldGetScheduledRidesForDriverThatHasRideWithStatus1AndScheduledTimeInDb" time="0.012"/>
  <testcase classname="com.hopin.HopIn.repositories.RideRepositoryTest" name="shouldGetScheduledRidesForPassengerThatHasRideWithStatus1AndScheduledTimeInDb" time="0.012"/>
  <testcase classname="com.hopin.HopIn.repositories.RideRepositoryTest" name="shouldGetZeroDriverRidesForWrongRange" time="0.01"/>
  <testcase classname="com.hopin.HopIn.repositories.RideRepositoryTest" name="shouldGetZeroPassengerRidesForWrongRange" time="0.009"/>
  <testcase classname="com.hopin.HopIn.repositories.RideRepositoryTest" name="shouldGetZeroRidesForWrongRange" time="0.007"/>
  <testcase classname="com.hopin.HopIn.repositories.RideRepositoryTest" name="shouldReturnAllAcceptedRides" time="0.012"/>
  <testcase classname="com.hopin.HopIn.repositories.RideRepositoryTest" name="shouldReturnEmptyListForDriverForWrongDate" time="0.01"/>
  <testcase classname="com.hopin.HopIn.repositories.RideRepositoryTest" name="shouldReturnEmptyListForDriverThatHasNoScheduledRides" time="0.008"/>
  <testcase classname="com.hopin.HopIn.repositories.RideRepositoryTest" name="shouldReturnEmptyListForPassengerForWrongDate" time="0.012"/>
  <testcase classname="com.hopin.HopIn.repositories.RideRepositoryTest" name="shouldReturnEmptyListForPassengerThatHasNoScheduledRides" time="0.01"/>
  <testcase classname="com.hopin.HopIn.repositories.RideRepositoryTest" name="shouldReturnNullForDriverThatHaNosActiveRideSInDb" time="0.011"/>
  <testcase classname="com.hopin.HopIn.repositories.RideRepositoryTest" name="shouldReturnNullForDriverWithNoPendingRides" time="0.008"/>
  <testcase classname="com.hopin.HopIn.repositories.RideRepositoryTest" name="shouldReturnNullForPassengerThatHaNosActiveRidesInDb" time="0.007"/>
</testsuite> <!-- Default test -->
